0 info it worked if it ends with ok
1 verbose cli [ '/usr/local/bin/node', '/usr/local/bin/npm', 'run', 'start' ]
2 info using npm@3.8.1
3 info using node@v5.4.1
4 verbose run-script [ 'prestart', 'start', 'poststart' ]
5 info lifecycle rollypolly@0.1.1~prestart: rollypolly@0.1.1
6 silly lifecycle rollypolly@0.1.1~prestart: no script for prestart, continuing
7 info lifecycle rollypolly@0.1.1~start: rollypolly@0.1.1
8 verbose lifecycle rollypolly@0.1.1~start: unsafe-perm in lifecycle true
9 verbose lifecycle rollypolly@0.1.1~start: PATH: /usr/local/lib/node_modules/npm/bin/node-gyp-bin:/home/mikkeldavis/personal/rollypolly/node_modules/.bin:/usr/local/bin:/usr/local/sbin:/usr/local/bin:/usr/sbin:/usr/bin:/sbin:/bin:/usr/games:/usr/local/games
10 verbose lifecycle rollypolly@0.1.1~start: CWD: /home/mikkeldavis/personal/rollypolly
11 silly lifecycle rollypolly@0.1.1~start: Args: [ '-c', 'webpack-dev-server --hot --inline' ]
12 silly lifecycle rollypolly@0.1.1~start: Returned: code: 1  signal: null
13 info lifecycle rollypolly@0.1.1~start: Failed to exec start script
14 verbose stack Error: rollypolly@0.1.1 start: `webpack-dev-server --hot --inline`
14 verbose stack Exit status 1
14 verbose stack     at EventEmitter.<anonymous> (/usr/local/lib/node_modules/npm/lib/utils/lifecycle.js:239:16)
14 verbose stack     at emitTwo (events.js:87:13)
14 verbose stack     at EventEmitter.emit (events.js:172:7)
14 verbose stack     at ChildProcess.<anonymous> (/usr/local/lib/node_modules/npm/lib/utils/spawn.js:24:14)
14 verbose stack     at emitTwo (events.js:87:13)
14 verbose stack     at ChildProcess.emit (events.js:172:7)
14 verbose stack     at maybeClose (internal/child_process.js:821:16)
14 verbose stack     at Process.ChildProcess._handle.onexit (internal/child_process.js:211:5)
15 verbose pkgid rollypolly@0.1.1
16 verbose cwd /home/mikkeldavis/personal/rollypolly
17 error Linux 3.13.0-83-generic
18 error argv "/usr/local/bin/node" "/usr/local/bin/npm" "run" "start"
19 error node v5.4.1
20 error npm  v3.8.1
21 error code ELIFECYCLE
22 error rollypolly@0.1.1 start: `webpack-dev-server --hot --inline`
22 error Exit status 1
23 error Failed at the rollypolly@0.1.1 start script 'webpack-dev-server --hot --inline'.
23 error Make sure you have the latest version of node.js and npm installed.
23 error If you do, this is most likely a problem with the rollypolly package,
23 error not with npm itself.
23 error Tell the author that this fails on your system:
23 error     webpack-dev-server --hot --inline
23 error You can get information on how to open an issue for this project with:
23 error     npm bugs rollypolly
23 error Or if that isn't available, you can get their info via:
23 error     npm owner ls rollypolly
23 error There is likely additional logging output above.
24 verbose exit [ 1, true ]
